<?xml version="1.0" encoding="UTF-8"?>
<testsuite xmlns:xsi="http://www.w3.org/2001/XMLSchema-instance" xsi:noNamespaceSchemaLocation="https://maven.apache.org/surefire/maven-surefire-plugin/xsd/surefire-test-report-3.0.xsd" version="3.0" name="TestSuite" time="9.648" tests="18" errors="0" skipped="17" failures="1">
  <properties>
[...]
</properties>
  <testcase name="init[ff](0)" classname="com.tieto.test.LoginTest" time="7.789">
    <failure message="null value in entry: url=null" type="java.lang.NullPointerException"><![CDATA[java.lang.NullPointerException: null value in entry: url=null
]]></failure>
    <system-err><![CDATA[1593774552797	mozrunner::runner	INFO	Running command: "C:\\Program Files\\Mozilla Firefox\\firefox.exe" "-marionette" "-foreground" "-no-remote" "-profile" "C:\\Users\\katkaomk\\AppData\\Local\\Temp\\rust_mozprofileafNmq2"
JavaScript error: resource://gre/modules/XULStore.jsm, line 66: Error: Can't find profile directory.
1593774557806	Marionette	INFO	Listening on port 62260
1593774558022	Marionette	WARN	TLS certificate errors will be ignored for this session
Jul 03, 2020 4:39:18 PM org.openqa.selenium.remote.ProtocolHandshake createSession
INFO: Detected dialect: W3C
]]></system-err>
  </testcase>
  <testcase name="checkLinkCountTest" classname="com.tieto.test.LoginTest" time="0">
    <skipped message="null value in entry: url=null"/>
  </testcase>
  <testcase name="end" classname="com.tieto.test.LoginTest" time="0">
    <skipped/>
  </testcase>
  <testcase name="end" classname="com.tieto.test.LoginTest" time="0">
    <skipped/>
  </testcase>
  <testcase name="end" classname="com.tieto.test.LoginTest" time="0">
    <skipped/>
  </testcase>
  <testcase name="end" classname="com.tieto.test.LoginTest" time="0">
    <skipped/>
  </testcase>
  <testcase name="end" classname="com.tieto.test.LoginTest" time="0">
    <skipped/>
  </testcase>
  <testcase name="end" classname="com.tieto.test.LoginTest" time="0">
    <skipped/>
  </testcase>
  <testcase name="init" classname="com.tieto.test.LoginTest" time="0">
    <skipped/>
    <system-out><![CDATA[4
4



]]></system-out>
  </testcase>
  <testcase name="init" classname="com.tieto.test.LoginTest" time="0">
    <skipped/>
  </testcase>
  <testcase name="init" classname="com.tieto.test.LoginTest" time="0">
    <skipped/>
  </testcase>
  <testcase name="init" classname="com.tieto.test.LoginTest" time="0">
    <skipped/>
  </testcase>
  <testcase name="init" classname="com.tieto.test.LoginTest" time="0">
    <skipped/>
  </testcase>
  <testcase name="validCredentialTest" classname="com.tieto.test.LoginTest" time="0">
    <skipped message="null value in entry: url=null"/>
  </testcase>
  <testcase name="validCredentialTest" classname="com.tieto.test.LoginTest" time="0">
    <skipped message="null value in entry: url=null"/>
  </testcase>
  <testcase name="validCredentialTest" classname="com.tieto.test.LoginTest" time="0">
    <skipped message="null value in entry: url=null"/>
  </testcase>
  <testcase name="invalidCredentialTest" classname="com.tieto.test.LoginTest" time="0">
    <skipped message="null value in entry: url=null"/>
  </testcase>
  <testcase name="invalidCredentialTest" classname="com.tieto.test.LoginTest" time="0">
    <skipped message="null value in entry: url=null"/>
  </testcase>
</testsuite>