<?xml version="1.0" encoding="UTF-8"?>
<!-- Generated by org.testng.reporters.JUnitXMLReporter -->
<testsuite hostname="Balaji" ignored="1" name="Login Test ch" tests="2" failures="0" timestamp="2020-07-02T17:02:49 IST" time="44.031" errors="0">
  <testcase name="validCredentialTest" time="6.3" classname="com.tieto.test.LoginTest"/>
  <testcase name="invalidCredentialTest" time="1.849" classname="com.tieto.test.LoginTest"/>
  <testcase name="checkLinkCountTest" time="0.0" classname="com.tieto.test.LoginTest">
    <ignored/>
  </testcase> <!-- checkLinkCountTest -->
</testsuite> <!-- Login Test ch -->
